2024-05-11 18:15:55	INFO	::casa	
2024-05-11 18:15:55	INFO	::casa	
2024-05-11 18:15:55	INFO	::casa	
2024-05-11 18:15:55	INFO	::casa	
2024-05-11 18:15:57	INFO	::casa	Python version 3.8.10
2024-05-11 18:15:57	INFO	::casa	CASA Version PIPELINE 6.5.4.9
2024-05-11 18:15:57	INFO	::casa	
2024-05-11 18:15:57	INFO	::casa	Telemetry log file: /arc/home/swilkinson/.casa/casastats-6.5.4.9-32d70e4e4c1-20240511-181556.log
2024-05-11 18:15:57	INFO	::casa	Checking telemetry submission interval
2024-05-11 18:15:57	INFO	::casa	Creating a new telemetry time stamp file./arc/home/swilkinson/.casa/telemetry-32d70e4e4c1.stamp
2024-05-11 18:15:57	INFO	::casa	Telemetry submit interval not reached. Not submitting data.
2024-05-11 18:15:57	INFO	::casa	Next telemetry data submission in: 6 days, 23:59:59.999076
2024-05-11 18:15:57	INFO	::casa	
2024-05-11 18:15:59	INFO	::casa	imported analysisUtils version $Id: analysisUtils.py,v 2.90 2023/10/04 19:39:30 thunter Exp $ from /opt/casa/analysisUtils/analysis_scripts/analysisUtils.py
2024-05-11 18:15:59	INFO	::casa	optional configuration file config.py not found, continuing CASA startup without it
2024-05-11 18:15:59	INFO	::casa	Using user-supplied startup.py at ~/.casa/startup.py
2024-05-11 18:15:59	INFO	::casa	
2024-05-11 18:15:59	INFO	::casa	Checking Measures tables in data repository sub-directory /opt/casa-6.5.4-9-pipeline-2023.1.0.124/lib/py/lib/python3.8/site-packages/casadata/__data__/geodetic
2024-05-11 18:15:59	INFO	::casa	  IERSeop2000 (version date, last date in table (UTC)): 2024/03/09/15:00, 2024/02/08/00:00:00
2024-05-11 18:16:00	INFO	::casa	  IERSeop97 (version date, last date in table (UTC)): 2024/03/09/15:00, 2024/02/08/00:00:00
2024-05-11 18:16:00	INFO	::casa	  IERSpredict (version date, last date in table (UTC)): 2024/04/12/15:00, 2024/07/11/00:00:00
2024-05-11 18:16:00	INFO	::casa	  TAI_UTC (version date, last date in table (UTC)): 2024/03/21/15:00, 2017/01/01/00:00:00
2024-05-11 18:16:00	INFO	split::::casa	##########################################
2024-05-11 18:16:00	INFO	split::::casa	##### Begin Task: split              #####
2024-05-11 18:16:00	INFO	split::::casa	split( vis='/arc/projects/salvage/ALMA_data/587735349650391137/2021.1.01089.S/science_goal.uid___A001_X15a2_X729/group.uid___A001_X15a2_X75d/member.uid___A001_X15a2_X75e/calibrated/uid___A002_Xf5e73e_X1b06.ms.split', outputvis='/arc/projects/salvage/ALMA_data/587735349650391137/2021.1.01089.S/science_goal.uid___A001_X15a2_X729/group.uid___A001_X15a2_X75d/member.uid___A001_X15a2_X75e/calibrated/uid___A002_Xf5e73e_X1b06.ms.split.split', keepmms=True, field='373633', spw='', scan='', antenna='', correlation='', timerange='', intent='OBSERVE_TARGET*', array='', uvrange='', observation='', feed='', datacolumn='CORRECTED', keepflags=False, width=1, timebin='0s', combine='' )
2024-05-11 18:16:05	INFO	MSTransformManager::parseMsSpecParams	Input file name is /arc/projects/salvage/ALMA_data/587735349650391137/2021.1.01089.S/science_goal.uid___A001_X15a2_X729/group.uid___A001_X15a2_X75d/member.uid___A001_X15a2_X75e/calibrated/uid___A002_Xf5e73e_X1b06.ms.split
2024-05-11 18:16:05	INFO	MSTransformManager::parseMsSpecParams	Data column is CORRECTED
2024-05-11 18:16:05	INFO	MSTransformManager::parseMsSpecParams	Output file name is /arc/projects/salvage/ALMA_data/587735349650391137/2021.1.01089.S/science_goal.uid___A001_X15a2_X729/group.uid___A001_X15a2_X75d/member.uid___A001_X15a2_X75e/calibrated/uid___A002_Xf5e73e_X1b06.ms.split.split
2024-05-11 18:16:05	INFO	MSTransformManager::parseDataSelParams	field selection is 373633
2024-05-11 18:16:05	INFO	MSTransformManager::parseDataSelParams	scan intent selection is OBSERVE_TARGET*
2024-05-11 18:16:05	WARN	MSTransformManager::checkDataColumnsToFill	CORRECTED_DATA column requested but not available in input MS 
2024-05-11 18:16:05	INFO	MSTransformManager::initDataSelectionParams	Selected Scans Intents Ids are [0]
2024-05-11 18:16:05	INFO	MSTransformManager::initDataSelectionParams	Selected Fields Ids are [0]
2024-05-11 18:16:05	INFO	MSTransformManager::open	Select data
2024-05-11 18:16:05	INFO	MSTransformManager::createOutputMSStructure	Create output MS structure
2024-05-11 18:16:05	SEVERE	split::::casa	Task split raised an exception of class RuntimeError with the following message: Desired column (CORRECTED_DATA) not found in the input MS (/arc/projects/salvage/ALMA_data/587735349650391137/2021.1.01089.S/science_goal.uid___A001_X15a2_X729/group.uid___A001_X15a2_X75d/member.uid___A001_X15a2_X75e/calibrated/uid___A002_Xf5e73e_X1b06.ms.split).
2024-05-11 18:16:05	INFO	split::::casa	Task split complete. Start time: 2024-05-11 18:16:00.058024 End time: 2024-05-11 18:16:05.052803
2024-05-11 18:16:05	INFO	split::::casa	##### End Task: split                #####
2024-05-11 18:16:05	INFO	split::::casa	##########################################
