2024-05-14 07:07:38	INFO	::casa	
2024-05-14 07:07:38	INFO	::casa	
2024-05-14 07:07:38	INFO	::casa	
2024-05-14 07:07:38	INFO	::casa	
2024-05-14 07:07:39	INFO	::casa	Python version 3.8.10
2024-05-14 07:07:39	INFO	::casa	CASA Version PIPELINE 6.5.4.9
2024-05-14 07:07:39	INFO	::casa	
2024-05-14 07:07:39	INFO	::casa	Telemetry log file: /arc/home/swilkinson/.casa/casastats-6.5.4.9-96bf9f8287a7-20240514-070739.log
2024-05-14 07:07:39	INFO	::casa	Checking telemetry submission interval
2024-05-14 07:07:39	INFO	::casa	Creating a new telemetry time stamp file./arc/home/swilkinson/.casa/telemetry-96bf9f8287a7.stamp
2024-05-14 07:07:39	INFO	::casa	Telemetry submit interval not reached. Not submitting data.
2024-05-14 07:07:39	INFO	::casa	Next telemetry data submission in: 6 days, 23:59:59.997061
2024-05-14 07:07:39	INFO	::casa	
2024-05-14 07:07:42	INFO	::casa	imported analysisUtils version $Id: analysisUtils.py,v 2.90 2023/10/04 19:39:30 thunter Exp $ from /opt/casa/analysisUtils/analysis_scripts/analysisUtils.py
2024-05-14 07:07:42	INFO	::casa	optional configuration file config.py not found, continuing CASA startup without it
2024-05-14 07:07:42	INFO	::casa	Using user-supplied startup.py at ~/.casa/startup.py
2024-05-14 07:07:42	INFO	::casa	
2024-05-14 07:07:42	INFO	::casa	Checking Measures tables in data repository sub-directory /opt/casa-6.5.4-9-pipeline-2023.1.0.124/lib/py/lib/python3.8/site-packages/casadata/__data__/geodetic
2024-05-14 07:07:42	INFO	::casa	  IERSeop2000 (version date, last date in table (UTC)): 2024/03/09/15:00, 2024/02/08/00:00:00
2024-05-14 07:07:42	INFO	::casa	  IERSeop97 (version date, last date in table (UTC)): 2024/03/09/15:00, 2024/02/08/00:00:00
2024-05-14 07:07:42	INFO	::casa	  IERSpredict (version date, last date in table (UTC)): 2024/04/12/15:00, 2024/07/11/00:00:00
2024-05-14 07:07:42	INFO	::casa	  TAI_UTC (version date, last date in table (UTC)): 2024/03/21/15:00, 2017/01/01/00:00:00
2024-05-14 07:07:42	INFO	split::::casa	##########################################
2024-05-14 07:07:42	INFO	split::::casa	##### Begin Task: split              #####
2024-05-14 07:07:42	INFO	split::::casa	split( vis='/arc/projects/salvage/ALMA_data/587726015087575099/2017.1.00025.S/science_goal.uid___A001_X1284_X152e/group.uid___A001_X1284_X152f/member.uid___A001_X1284_X1530/calibrated/uid___A002_Xcbdb2a_X3c6c.ms', outputvis='/arc/projects/salvage/ALMA_data/587726015087575099/2017.1.00025.S/science_goal.uid___A001_X1284_X152e/group.uid___A001_X1284_X152f/member.uid___A001_X1284_X1530/calibrated/uid___A002_Xcbdb2a_X3c6c.ms.split', keepmms=True, field='HATLAS_J145019.0+015206', spw='', scan='', antenna='', correlation='', timerange='', intent='OBSERVE_TARGET*', array='', uvrange='', observation='', feed='', datacolumn='all', keepflags=False, width=1, timebin='0s', combine='' )
2024-05-14 07:07:47	INFO	MSTransformManager::parseMsSpecParams	Input file name is /arc/projects/salvage/ALMA_data/587726015087575099/2017.1.00025.S/science_goal.uid___A001_X1284_X152e/group.uid___A001_X1284_X152f/member.uid___A001_X1284_X1530/calibrated/uid___A002_Xcbdb2a_X3c6c.ms
2024-05-14 07:07:47	INFO	MSTransformManager::parseMsSpecParams	Data column is ALL
2024-05-14 07:07:47	INFO	MSTransformManager::parseMsSpecParams	Output file name is /arc/projects/salvage/ALMA_data/587726015087575099/2017.1.00025.S/science_goal.uid___A001_X1284_X152e/group.uid___A001_X1284_X152f/member.uid___A001_X1284_X1530/calibrated/uid___A002_Xcbdb2a_X3c6c.ms.split
2024-05-14 07:07:47	INFO	MSTransformManager::parseDataSelParams	field selection is HATLAS_J145019.0+015206
2024-05-14 07:07:47	INFO	MSTransformManager::parseDataSelParams	scan intent selection is OBSERVE_TARGET*
2024-05-14 07:07:47	INFO	MSTransformManager::colCheckInfo	Adding DATA column to output MS from input DATA column
2024-05-14 07:07:47	INFO	MSTransformManager::colCheckInfo	Adding CORRECTED_DATA column to output MS from input CORRECTED_DATA column
2024-05-14 07:07:47	INFO	MSTransformManager::initDataSelectionParams	Selected Scans Intents Ids are [15]
2024-05-14 07:07:47	INFO	MSTransformManager::initDataSelectionParams	Selected Fields Ids are [4]
2024-05-14 07:07:47	INFO	MSTransformManager::open	Select data
2024-05-14 07:07:48	INFO	MSTransformDataHandler::selectSpw	The following a priori selected input spw(s)
2024-05-14 07:07:48	INFO	MSTransformDataHandler::selectSpw+	27 28 29 30 31 32 33 34 35 36 37 38 39 40 41 42 43 44 45 46 47 48 49 50 51 52 53 54 55 56 57 58 59 60 61 62 63 64 65 66 67 68 69 70 71 
2024-05-14 07:07:48	INFO	MSTransformDataHandler::selectSpw+	were not found in DATA_DESCRIPTION (i. e. no rows in the main table reference them) and therefore are not included to the output.
2024-05-14 07:07:48	INFO	MSTransformManager::createOutputMSStructure	Create output MS structure
2024-05-14 07:08:25	INFO	MSTransformDataHandler::makeSelection	14595708 out of 59057370 rows are going to be considered due to the selection criteria.
2024-05-14 07:14:24	INFO	split::::casa	Task split complete. Start time: 2024-05-14 07:07:41.878573 End time: 2024-05-14 07:14:24.277980
2024-05-14 07:14:24	INFO	split::::casa	##### End Task: split                #####
2024-05-14 07:14:24	INFO	split::::casa	##########################################
