2024-05-14 08:20:37	INFO	::casa	
2024-05-14 08:20:37	INFO	::casa	
2024-05-14 08:20:37	INFO	::casa	
2024-05-14 08:20:37	INFO	::casa	
2024-05-14 08:20:38	INFO	::casa	Python version 3.8.10
2024-05-14 08:20:38	INFO	::casa	CASA Version PIPELINE 6.5.4.9
2024-05-14 08:20:38	INFO	::casa	
2024-05-14 08:20:39	INFO	::casa	Telemetry log file: /arc/home/swilkinson/.casa/casastats-6.5.4.9-921e8bef68ac-20240514-082038.log
2024-05-14 08:20:39	INFO	::casa	Checking telemetry submission interval
2024-05-14 08:20:39	INFO	::casa	Creating a new telemetry time stamp file./arc/home/swilkinson/.casa/telemetry-921e8bef68ac.stamp
2024-05-14 08:20:39	INFO	::casa	Telemetry submit interval not reached. Not submitting data.
2024-05-14 08:20:39	INFO	::casa	Next telemetry data submission in: 6 days, 23:59:59.990155
2024-05-14 08:20:39	INFO	::casa	
2024-05-14 08:20:42	INFO	::casa	imported analysisUtils version $Id: analysisUtils.py,v 2.90 2023/10/04 19:39:30 thunter Exp $ from /opt/casa/analysisUtils/analysis_scripts/analysisUtils.py
2024-05-14 08:20:42	INFO	::casa	optional configuration file config.py not found, continuing CASA startup without it
2024-05-14 08:20:42	INFO	::casa	Using user-supplied startup.py at ~/.casa/startup.py
2024-05-14 08:20:42	INFO	::casa	
2024-05-14 08:20:42	INFO	::casa	Checking Measures tables in data repository sub-directory /opt/casa-6.5.4-9-pipeline-2023.1.0.124/lib/py/lib/python3.8/site-packages/casadata/__data__/geodetic
2024-05-14 08:20:42	INFO	::casa	  IERSeop2000 (version date, last date in table (UTC)): 2024/03/09/15:00, 2024/02/08/00:00:00
2024-05-14 08:20:42	INFO	::casa	  IERSeop97 (version date, last date in table (UTC)): 2024/03/09/15:00, 2024/02/08/00:00:00
2024-05-14 08:20:42	INFO	::casa	  IERSpredict (version date, last date in table (UTC)): 2024/04/12/15:00, 2024/07/11/00:00:00
2024-05-14 08:20:42	INFO	::casa	  TAI_UTC (version date, last date in table (UTC)): 2024/03/21/15:00, 2017/01/01/00:00:00
2024-05-14 08:20:42	INFO	split::::casa	##########################################
2024-05-14 08:20:42	INFO	split::::casa	##### Begin Task: split              #####
2024-05-14 08:20:42	INFO	split::::casa	split( vis='/arc/projects/salvage/ALMA_data/587727943489552760/2013.1.00530.S/science_goal.uid___A001_X147_X2e3/group.uid___A001_X147_X2e4/member.uid___A001_X147_X2e5/calibrated/calibrated.ms', outputvis='/arc/projects/salvage/ALMA_data/587727943489552760/2013.1.00530.S/science_goal.uid___A001_X147_X2e3/group.uid___A001_X147_X2e4/member.uid___A001_X147_X2e5/calibrated/calibrated.ms.split', keepmms=True, field='HOT2_EI_CII_G09.v2.60', spw='', scan='', antenna='', correlation='', timerange='', intent='OBSERVE_TARGET*', array='', uvrange='', observation='', feed='', datacolumn='all', keepflags=False, width=1, timebin='0s', combine='' )
2024-05-14 08:20:49	INFO	MSTransformManager::parseMsSpecParams	Input file name is /arc/projects/salvage/ALMA_data/587727943489552760/2013.1.00530.S/science_goal.uid___A001_X147_X2e3/group.uid___A001_X147_X2e4/member.uid___A001_X147_X2e5/calibrated/calibrated.ms
2024-05-14 08:20:49	INFO	MSTransformManager::parseMsSpecParams	Data column is ALL
2024-05-14 08:20:49	INFO	MSTransformManager::parseMsSpecParams	Output file name is /arc/projects/salvage/ALMA_data/587727943489552760/2013.1.00530.S/science_goal.uid___A001_X147_X2e3/group.uid___A001_X147_X2e4/member.uid___A001_X147_X2e5/calibrated/calibrated.ms.split
2024-05-14 08:20:49	INFO	MSTransformManager::parseDataSelParams	field selection is HOT2_EI_CII_G09.v2.60
2024-05-14 08:20:49	INFO	MSTransformManager::parseDataSelParams	scan intent selection is OBSERVE_TARGET*
2024-05-14 08:20:49	INFO	MSTransformManager::colCheckInfo	Adding DATA column to output MS from input DATA column
2024-05-14 08:20:49	INFO	MSTransformManager::initDataSelectionParams	Selected Scans Intents Ids are [16, 17]
2024-05-14 08:20:50	INFO	MSTransformManager::initDataSelectionParams	Selected Fields Ids are [8]
2024-05-14 08:20:50	INFO	MSTransformManager::open	Select data
2024-05-14 08:20:50	INFO	MSTransformManager::createOutputMSStructure	Create output MS structure
2024-05-14 08:20:52	INFO	MSTransformDataHandler::makeSelection	42569 out of 1148000 rows are going to be considered due to the selection criteria.
2024-05-14 08:21:16	INFO	split::::casa	Task split complete. Start time: 2024-05-14 08:20:42.412100 End time: 2024-05-14 08:21:15.902420
2024-05-14 08:21:16	INFO	split::::casa	##### End Task: split                #####
2024-05-14 08:21:16	INFO	split::::casa	##########################################
2024-05-14 08:21:16	INFO	split::::casa	##########################################
2024-05-14 08:21:16	INFO	split::::casa	##### Begin Task: split              #####
2024-05-14 08:21:16	INFO	split::::casa	split( vis='/arc/projects/salvage/ALMA_data/587727943489552760/2013.1.00530.S/science_goal.uid___A001_X147_X2e3/group.uid___A001_X147_X2e4/member.uid___A001_X147_X2e5/calibrated/uid___A002_X9a5759_X13e6.ms.split.cal', outputvis='/arc/projects/salvage/ALMA_data/587727943489552760/2013.1.00530.S/science_goal.uid___A001_X147_X2e3/group.uid___A001_X147_X2e4/member.uid___A001_X147_X2e5/calibrated/uid___A002_X9a5759_X13e6.ms.split.cal.split', keepmms=True, field='HOT2_EI_CII_G09.v2.60', spw='', scan='', antenna='', correlation='', timerange='', intent='OBSERVE_TARGET*', array='', uvrange='', observation='', feed='', datacolumn='all', keepflags=False, width=1, timebin='0s', combine='' )
2024-05-14 08:21:24	INFO	MSTransformManager::parseMsSpecParams	Input file name is /arc/projects/salvage/ALMA_data/587727943489552760/2013.1.00530.S/science_goal.uid___A001_X147_X2e3/group.uid___A001_X147_X2e4/member.uid___A001_X147_X2e5/calibrated/uid___A002_X9a5759_X13e6.ms.split.cal
2024-05-14 08:21:24	INFO	MSTransformManager::parseMsSpecParams	Data column is ALL
2024-05-14 08:21:24	INFO	MSTransformManager::parseMsSpecParams	Output file name is /arc/projects/salvage/ALMA_data/587727943489552760/2013.1.00530.S/science_goal.uid___A001_X147_X2e3/group.uid___A001_X147_X2e4/member.uid___A001_X147_X2e5/calibrated/uid___A002_X9a5759_X13e6.ms.split.cal.split
2024-05-14 08:21:24	INFO	MSTransformManager::parseDataSelParams	field selection is HOT2_EI_CII_G09.v2.60
2024-05-14 08:21:24	INFO	MSTransformManager::parseDataSelParams	scan intent selection is OBSERVE_TARGET*
2024-05-14 08:21:24	INFO	MSTransformManager::colCheckInfo	Adding DATA column to output MS from input DATA column
2024-05-14 08:21:24	INFO	MSTransformManager::initDataSelectionParams	Selected Scans Intents Ids are [16, 17]
2024-05-14 08:21:24	INFO	MSTransformManager::initDataSelectionParams	Selected Fields Ids are [8]
2024-05-14 08:21:24	INFO	MSTransformManager::open	Select data
2024-05-14 08:21:24	INFO	MSTransformManager::createOutputMSStructure	Create output MS structure
2024-05-14 08:21:26	INFO	MSTransformDataHandler::makeSelection	42569 out of 1148000 rows are going to be considered due to the selection criteria.
2024-05-14 08:21:52	INFO	split::::casa	Task split complete. Start time: 2024-05-14 08:21:15.953297 End time: 2024-05-14 08:21:52.194373
2024-05-14 08:21:52	INFO	split::::casa	##### End Task: split                #####
2024-05-14 08:21:52	INFO	split::::casa	##########################################
