2024-05-11 07:37:54	INFO	::casa	
2024-05-11 07:37:55	INFO	::casa	
2024-05-11 07:37:55	INFO	::casa	
2024-05-11 07:37:55	INFO	::casa	
2024-05-11 07:37:55	INFO	::casa	Python version 3.8.10
2024-05-11 07:37:55	INFO	::casa	CASA Version PIPELINE 6.5.4.9
2024-05-11 07:37:55	INFO	::casa	
2024-05-11 07:37:56	INFO	::casa	Telemetry log file: /arc/home/swilkinson/.casa/casastats-6.5.4.9-1ac25ce1a29-20240511-073755.log
2024-05-11 07:37:56	INFO	::casa	Checking telemetry submission interval
2024-05-11 07:37:56	INFO	::casa	Creating a new telemetry time stamp file./arc/home/swilkinson/.casa/telemetry-1ac25ce1a29.stamp
2024-05-11 07:37:56	INFO	::casa	Telemetry submit interval not reached. Not submitting data.
2024-05-11 07:37:56	INFO	::casa	Next telemetry data submission in: 6 days, 23:59:59.997850
2024-05-11 07:37:56	INFO	::casa	
2024-05-11 07:37:58	INFO	::casa	imported analysisUtils version $Id: analysisUtils.py,v 2.90 2023/10/04 19:39:30 thunter Exp $ from /opt/casa/analysisUtils/analysis_scripts/analysisUtils.py
2024-05-11 07:37:58	INFO	::casa	optional configuration file config.py not found, continuing CASA startup without it
2024-05-11 07:37:58	INFO	::casa	Using user-supplied startup.py at ~/.casa/startup.py
2024-05-11 07:37:58	INFO	::casa	
2024-05-11 07:37:58	INFO	::casa	Checking Measures tables in data repository sub-directory /opt/casa-6.5.4-9-pipeline-2023.1.0.124/lib/py/lib/python3.8/site-packages/casadata/__data__/geodetic
2024-05-11 07:37:58	INFO	::casa	  IERSeop2000 (version date, last date in table (UTC)): 2024/03/09/15:00, 2024/02/08/00:00:00
2024-05-11 07:37:58	INFO	::casa	  IERSeop97 (version date, last date in table (UTC)): 2024/03/09/15:00, 2024/02/08/00:00:00
2024-05-11 07:37:58	INFO	::casa	  IERSpredict (version date, last date in table (UTC)): 2024/04/12/15:00, 2024/07/11/00:00:00
2024-05-11 07:37:58	INFO	::casa	  TAI_UTC (version date, last date in table (UTC)): 2024/03/21/15:00, 2017/01/01/00:00:00
2024-05-11 07:37:58	INFO	split::::casa	##########################################
2024-05-11 07:37:58	INFO	split::::casa	##### Begin Task: split              #####
2024-05-11 07:37:58	INFO	split::::casa	split( vis='/arc/projects/salvage/ALMA_data/587726016684359773/2021.1.01089.S/science_goal.uid___A001_X15a2_X729/group.uid___A001_X15a2_X760/member.uid___A001_X15a2_X761/calibrated/uid___A002_Xf70fbd_X6910.ms', outputvis='/arc/projects/salvage/ALMA_data/587726016684359773/2021.1.01089.S/science_goal.uid___A001_X15a2_X729/group.uid___A001_X15a2_X760/member.uid___A001_X15a2_X761/calibrated/uid___A002_Xf70fbd_X6910.ms', keepmms=True, field='122665', spw='', scan='', antenna='', correlation='', timerange='', intent='OBSERVE_TARGET*', array='', uvrange='', observation='', feed='', datacolumn='CORRECTED', keepflags=False, width=1, timebin='0s', combine='' )
2024-05-11 07:37:58	SEVERE	split::::casa	Task split raised an exception of class OSError with the following message: Output MS /arc/projects/salvage/ALMA_data/587726016684359773/2021.1.01089.S/science_goal.uid___A001_X15a2_X729/group.uid___A001_X15a2_X760/member.uid___A001_X15a2_X761/calibrated/uid___A002_Xf70fbd_X6910.ms already exists - will not overwrite it.
2024-05-11 07:37:58	INFO	split::::casa	Task split complete. Start time: 2024-05-11 07:37:58.447290 End time: 2024-05-11 07:37:58.447932
2024-05-11 07:37:58	INFO	split::::casa	##### End Task: split                #####
2024-05-11 07:37:58	INFO	split::::casa	##########################################
