2024-05-14 06:38:49	INFO	::casa	
2024-05-14 06:38:49	INFO	::casa	
2024-05-14 06:38:49	INFO	::casa	
2024-05-14 06:38:49	INFO	::casa	
2024-05-14 06:38:49	INFO	::casa	Python version 3.8.10
2024-05-14 06:38:49	INFO	::casa	CASA Version PIPELINE 6.5.4.9
2024-05-14 06:38:49	INFO	::casa	
2024-05-14 06:38:50	INFO	::casa	Telemetry log file: /arc/home/swilkinson/.casa/casastats-6.5.4.9-964ff2f0a5fc-20240514-063849.log
2024-05-14 06:38:50	INFO	::casa	Checking telemetry submission interval
2024-05-14 06:38:50	INFO	::casa	Creating a new telemetry time stamp file./arc/home/swilkinson/.casa/telemetry-964ff2f0a5fc.stamp
2024-05-14 06:38:50	INFO	::casa	Telemetry submit interval not reached. Not submitting data.
2024-05-14 06:38:50	INFO	::casa	Next telemetry data submission in: 6 days, 23:59:59.998202
2024-05-14 06:38:50	INFO	::casa	
2024-05-14 06:38:52	INFO	::casa	imported analysisUtils version $Id: analysisUtils.py,v 2.90 2023/10/04 19:39:30 thunter Exp $ from /opt/casa/analysisUtils/analysis_scripts/analysisUtils.py
2024-05-14 06:38:52	INFO	::casa	optional configuration file config.py not found, continuing CASA startup without it
2024-05-14 06:38:52	INFO	::casa	Using user-supplied startup.py at ~/.casa/startup.py
2024-05-14 06:38:52	INFO	::casa	
2024-05-14 06:38:52	INFO	::casa	Checking Measures tables in data repository sub-directory /opt/casa-6.5.4-9-pipeline-2023.1.0.124/lib/py/lib/python3.8/site-packages/casadata/__data__/geodetic
2024-05-14 06:38:52	INFO	::casa	  IERSeop2000 (version date, last date in table (UTC)): 2024/03/09/15:00, 2024/02/08/00:00:00
2024-05-14 06:38:52	INFO	::casa	  IERSeop97 (version date, last date in table (UTC)): 2024/03/09/15:00, 2024/02/08/00:00:00
2024-05-14 06:38:52	INFO	::casa	  IERSpredict (version date, last date in table (UTC)): 2024/04/12/15:00, 2024/07/11/00:00:00
2024-05-14 06:38:52	INFO	::casa	  TAI_UTC (version date, last date in table (UTC)): 2024/03/21/15:00, 2017/01/01/00:00:00
2024-05-14 06:38:53	INFO	split::::casa	##########################################
2024-05-14 06:38:53	INFO	split::::casa	##### Begin Task: split              #####
2024-05-14 06:38:53	INFO	split::::casa	split( vis='/arc/projects/salvage/ALMA_data/587739506077663266/2015.1.00587.S/science_goal.uid___A001_X2fe_X7e/group.uid___A001_X2fe_X7f/member.uid___A001_X2fe_X82/calibrated/uid___A002_Xb24884_X67e.ms.split.cal', outputvis='/arc/projects/salvage/ALMA_data/587739506077663266/2015.1.00587.S/science_goal.uid___A001_X2fe_X7e/group.uid___A001_X2fe_X7f/member.uid___A001_X2fe_X82/calibrated/uid___A002_Xb24884_X67e.ms.split.cal.split', keepmms=True, field='CIG501', spw='', scan='', antenna='', correlation='', timerange='', intent='OBSERVE_TARGET*', array='', uvrange='', observation='', feed='', datacolumn='all', keepflags=False, width=1, timebin='0s', combine='' )
2024-05-14 06:38:59	INFO	MSTransformManager::parseMsSpecParams	Input file name is /arc/projects/salvage/ALMA_data/587739506077663266/2015.1.00587.S/science_goal.uid___A001_X2fe_X7e/group.uid___A001_X2fe_X7f/member.uid___A001_X2fe_X82/calibrated/uid___A002_Xb24884_X67e.ms.split.cal
2024-05-14 06:38:59	INFO	MSTransformManager::parseMsSpecParams	Data column is ALL
2024-05-14 06:38:59	INFO	MSTransformManager::parseMsSpecParams	Output file name is /arc/projects/salvage/ALMA_data/587739506077663266/2015.1.00587.S/science_goal.uid___A001_X2fe_X7e/group.uid___A001_X2fe_X7f/member.uid___A001_X2fe_X82/calibrated/uid___A002_Xb24884_X67e.ms.split.cal.split
2024-05-14 06:38:59	INFO	MSTransformManager::parseDataSelParams	field selection is CIG501
2024-05-14 06:38:59	INFO	MSTransformManager::parseDataSelParams	scan intent selection is OBSERVE_TARGET*
2024-05-14 06:38:59	INFO	MSTransformManager::colCheckInfo	Adding DATA column to output MS from input DATA column
2024-05-14 06:38:59	INFO	MSTransformManager::initDataSelectionParams	Selected Scans Intents Ids are [6]
2024-05-14 06:38:59	INFO	MSTransformManager::initDataSelectionParams	Selected Fields Ids are [4]
2024-05-14 06:38:59	INFO	MSTransformManager::open	Select data
2024-05-14 06:38:59	INFO	MSTransformManager::createOutputMSStructure	Create output MS structure
2024-05-14 06:39:02	INFO	MSTransformDataHandler::makeSelection	98400 out of 509292 rows are going to be considered due to the selection criteria.
2024-05-14 06:40:03	INFO	split::::casa	Task split complete. Start time: 2024-05-14 06:38:52.531369 End time: 2024-05-14 06:40:03.403665
2024-05-14 06:40:03	INFO	split::::casa	##### End Task: split                #####
2024-05-14 06:40:03	INFO	split::::casa	##########################################
